<?xml version="1.0" encoding="UTF-8"?>
<TestRun id="afa8180d-601a-421d-acd5-b1292b6934dd" name="Chris@TIMTABLET 2011-06-17 17:31:14" runUser="TimTablet\Chris" xmlns="http://microsoft.com/schemas/VisualStudio/TeamTest/2010">
  <TestSettings name="Local" id="db500a9a-b646-4590-85ca-fee566752b0e">
    <Description>These are default test settings for a local test run.</Description>
    <Deployment enabled="false" runDeploymentRoot="Chris_TIMTABLET 2011-06-17 17_31_14">
      <DeploymentItem filename="C:\source\VCard\VCardEater\VCardEater\bin\Debug\VCardEater.exe" />
      <DeploymentItem filename="C:\source\Adventure\lib\Rhino.Mocks-3.6\Rhino.Mocks.dll" />
    </Deployment>
    <Execution>
      <TestTypeSpecific />
      <AgentRule name="Execution Agents">
      </AgentRule>
    </Execution>
  </TestSettings>
  <Times creation="2011-06-17T17:31:14.3755182-05:00" queuing="2011-06-17T17:31:14.3975187-05:00" start="2011-06-17T17:31:14.4845205-05:00" finish="2011-06-17T17:31:15.2825377-05:00" />
  <ResultSummary outcome="Failed">
    <Counters total="4" executed="4" passed="3" error="0" failed="1" timeout="0" aborted="0" inconclusive="0" passedButRunAborted="0" notRunnable="0" notExecuted="0" disconnected="0" warning="0" completed="0" inProgress="0" pending="0" />
  </ResultSummary>
  <TestDefinitions>
    <UnitTest name="FW_Should_Write_a_File" storage="c:\source\vcard\vcardeater\vcardtest\bin\debug\vcardtest.dll" id="9a8d3f15-90dd-5503-fe8b-a70794959668">
      <Execution id="b5edbed6-bdbe-4f45-9b7a-f04befae6136" />
      <TestMethod codeBase="C:/source/VCard/VCardEater/VCardTest/bin/Debug/VCardTest.DLL" adapterTypeName="Microsoft.VisualStudio.TestTools.TestTypes.Unit.UnitTestAdapter, Microsoft.VisualStudio.QualityTools.Tips.UnitTest.Adapter, Version=10.0.0.0, Culture=neutral, PublicKeyToken=b03f5f7f11d50a3a" className="VCardTest.VCardWriterTest, VCardTest, Version=1.0.0.0, Culture=neutral, PublicKeyToken=null" name="FW_Should_Write_a_File" />
    </UnitTest>
    <UnitTest name="Full_Name_Should_Handle_Missing_Middle_Name" storage="c:\source\vcard\vcardeater\vcardtest\bin\debug\vcardtest.dll" id="eb57ca50-551b-29a6-6648-755a2c7656cd">
      <Execution id="80b15dde-de38-47d4-8b3d-fced58af5ca3" />
      <TestMethod codeBase="C:/source/VCard/VCardEater/VCardTest/bin/Debug/VCardTest.DLL" adapterTypeName="Microsoft.VisualStudio.TestTools.TestTypes.Unit.UnitTestAdapter, Microsoft.VisualStudio.QualityTools.Tips.UnitTest.Adapter, Version=10.0.0.0, Culture=neutral, PublicKeyToken=b03f5f7f11d50a3a" className="VCardTest.VCardWriterTest, VCardTest, Version=1.0.0.0, Culture=neutral, PublicKeyToken=null" name="Full_Name_Should_Handle_Missing_Middle_Name" />
    </UnitTest>
    <UnitTest name="TicToc_Should_Format_Time_For_Rev_Field" storage="c:\source\vcard\vcardeater\vcardtest\bin\debug\vcardtest.dll" id="cf2c5016-6211-63f6-0bbf-17463c6243f9">
      <Execution id="7fca68c5-8d4d-4c94-afec-be70d59c8b7f" />
      <TestMethod codeBase="C:/source/VCard/VCardEater/VCardTest/bin/Debug/VCardTest.DLL" adapterTypeName="Microsoft.VisualStudio.TestTools.TestTypes.Unit.UnitTestAdapter, Microsoft.VisualStudio.QualityTools.Tips.UnitTest.Adapter, Version=10.0.0.0, Culture=neutral, PublicKeyToken=b03f5f7f11d50a3a" className="VCardTest.VCardWriterTest, VCardTest, Version=1.0.0.0, Culture=neutral, PublicKeyToken=null" name="TicToc_Should_Format_Time_For_Rev_Field" />
    </UnitTest>
    <UnitTest name="Full_Name_Should_Handle_Middle_Name" storage="c:\source\vcard\vcardeater\vcardtest\bin\debug\vcardtest.dll" id="82a939cc-8ca0-ad5d-2c92-2f148545a0eb">
      <Execution id="d27b962c-7464-44dd-a148-c98f745a67a3" />
      <TestMethod codeBase="C:/source/VCard/VCardEater/VCardTest/bin/Debug/VCardTest.DLL" adapterTypeName="Microsoft.VisualStudio.TestTools.TestTypes.Unit.UnitTestAdapter, Microsoft.VisualStudio.QualityTools.Tips.UnitTest.Adapter, Version=10.0.0.0, Culture=neutral, PublicKeyToken=b03f5f7f11d50a3a" className="VCardTest.VCardWriterTest, VCardTest, Version=1.0.0.0, Culture=neutral, PublicKeyToken=null" name="Full_Name_Should_Handle_Middle_Name" />
    </UnitTest>
  </TestDefinitions>
  <TestLists>
    <TestList name="Results Not in a List" id="8c84fa94-04c1-424b-9868-57a2d4851a1d" />
    <TestList name="All Loaded Results" id="19431567-8539-422a-85d7-44ee4e166bda" />
  </TestLists>
  <TestEntries>
    <TestEntry testId="82a939cc-8ca0-ad5d-2c92-2f148545a0eb" executionId="d27b962c-7464-44dd-a148-c98f745a67a3" testListId="8c84fa94-04c1-424b-9868-57a2d4851a1d" />
    <TestEntry testId="9a8d3f15-90dd-5503-fe8b-a70794959668" executionId="b5edbed6-bdbe-4f45-9b7a-f04befae6136" testListId="8c84fa94-04c1-424b-9868-57a2d4851a1d" />
    <TestEntry testId="cf2c5016-6211-63f6-0bbf-17463c6243f9" executionId="7fca68c5-8d4d-4c94-afec-be70d59c8b7f" testListId="8c84fa94-04c1-424b-9868-57a2d4851a1d" />
    <TestEntry testId="eb57ca50-551b-29a6-6648-755a2c7656cd" executionId="80b15dde-de38-47d4-8b3d-fced58af5ca3" testListId="8c84fa94-04c1-424b-9868-57a2d4851a1d" />
  </TestEntries>
  <Results>
    <UnitTestResult executionId="d27b962c-7464-44dd-a148-c98f745a67a3" testId="82a939cc-8ca0-ad5d-2c92-2f148545a0eb" testName="Full_Name_Should_Handle_Middle_Name" computerName="TIMTABLET" duration="00:00:00.0226633" startTime="2011-06-17T17:31:14.4865206-05:00" endTime="2011-06-17T17:31:14.9665309-05:00" testType="13cdc9d9-ddb5-4fa4-a97d-d965ccfc6d4b" outcome="Passed" testListId="8c84fa94-04c1-424b-9868-57a2d4851a1d" relativeResultsDirectory="d27b962c-7464-44dd-a148-c98f745a67a3">
    </UnitTestResult>
    <UnitTestResult executionId="b5edbed6-bdbe-4f45-9b7a-f04befae6136" testId="9a8d3f15-90dd-5503-fe8b-a70794959668" testName="FW_Should_Write_a_File" computerName="TIMTABLET" duration="00:00:00.0290724" startTime="2011-06-17T17:31:14.9985316-05:00" endTime="2011-06-17T17:31:15.0415325-05:00" testType="13cdc9d9-ddb5-4fa4-a97d-d965ccfc6d4b" outcome="Failed" testListId="8c84fa94-04c1-424b-9868-57a2d4851a1d" relativeResultsDirectory="b5edbed6-bdbe-4f45-9b7a-f04befae6136">
      <Output>
        <ErrorInfo>
          <Message>Assert.Fail failed. </Message>
          <StackTrace>   at VCardTest.VCardWriterTest.FW_Should_Write_a_File() in C:\source\VCard\VCardEater\VCardTest\VCardWriterTest.cs:line 27
</StackTrace>
        </ErrorInfo>
      </Output>
    </UnitTestResult>
    <UnitTestResult executionId="7fca68c5-8d4d-4c94-afec-be70d59c8b7f" testId="cf2c5016-6211-63f6-0bbf-17463c6243f9" testName="TicToc_Should_Format_Time_For_Rev_Field" computerName="TIMTABLET" duration="00:00:00.0059376" startTime="2011-06-17T17:31:15.0465326-05:00" endTime="2011-06-17T17:31:15.0715331-05:00" testType="13cdc9d9-ddb5-4fa4-a97d-d965ccfc6d4b" outcome="Passed" testListId="8c84fa94-04c1-424b-9868-57a2d4851a1d" relativeResultsDirectory="7fca68c5-8d4d-4c94-afec-be70d59c8b7f">
    </UnitTestResult>
    <UnitTestResult executionId="80b15dde-de38-47d4-8b3d-fced58af5ca3" testId="eb57ca50-551b-29a6-6648-755a2c7656cd" testName="Full_Name_Should_Handle_Missing_Middle_Name" computerName="TIMTABLET" duration="00:00:00.0675010" startTime="2011-06-17T17:31:15.0805333-05:00" endTime="2011-06-17T17:31:15.2235364-05:00" testType="13cdc9d9-ddb5-4fa4-a97d-d965ccfc6d4b" outcome="Passed" testListId="8c84fa94-04c1-424b-9868-57a2d4851a1d" relativeResultsDirectory="80b15dde-de38-47d4-8b3d-fced58af5ca3">
    </UnitTestResult>
  </Results>
</TestRun>